in the history of May 7, 2023, 17:53:05 The action: Starting...

in the history of May 7, 2023, 17:53:05 The action: Amount is setted

in the history of May 7, 2023, 17:53:05 The action: Starting...

in the history of May 7, 2023, 17:53:05 The action: Starting...

in the history of May 7, 2023, 18:17:51 The action: Starting...

in the history of May 7, 2023, 18:18:21 The action: Starting...

in the history of May 7, 2023, 18:57:15 The action: Starting...

[May 7, 2023, 19:00:17]Starting...

[May 7, 2023, 19:00:33] : Starting...

[May 7, 2023, 19:05:42] : Starting..

[May 7, 2023, 19:05:42] : You ordered: AmericanoDouble shot

[May 7, 2023, 19:06:31] : Starting..

[May 7, 2023, 19:06:31] : Amount is setted

[May 7, 2023, 19:06:31] : added

[May 7, 2023, 19:06:31] : You ordered: Americano Double shot

[May 7, 2023, 19:12:57] : Starting..

[May 7, 2023, 19:12:57] : You Added 1 of Robusta Beans

[May 7, 2023, 19:13:22] : Starting..

[May 7, 2023, 19:13:22] : You Added 1 gm of Robusta Beans

[May 7, 2023, 19:13:22] : You Added 1 gm of Arabica Beans

[May 7, 2023, 19:13:22] : added

[May 7, 2023, 19:20:02] : Starting..

[May 7, 2023, 19:20:02] : You Added 1 gm of Robusta Beans

[May 7, 2023, 19:20:02] : You Added 1 gm of Arabica Beans

[May 7, 2023, 19:20:02] : You Added 1 ml of Water

[May 7, 2023, 19:22:24] : Starting..

[May 7, 2023, 19:22:24] : You Added 1 gm of Robusta Beans

[May 7, 2023, 19:22:24] : You Added 1 gm of Arabica Beans

[May 7, 2023, 19:22:24] : You Added 1 ml of Water

[May 7, 2023, 19:22:24] : Arabica Conatiner has been filled 

[May 7, 2023, 19:22:24] : Roubsta Conatiner has been filled 

[May 7, 2023, 19:22:24] : Arabica Conatiner has been filled 

[May 7, 2023, 19:22:24] : Roubsta Conatiner has been filled 

[May 7, 2023, 19:25:12] : Starting..

[May 7, 2023, 19:25:12] : Arabica Conatiner has been filled 

[May 7, 2023, 19:25:12] : Roubsta Conatiner has been filled 

[May 7, 2023, 19:25:12] : Starting..

[May 7, 2023, 19:25:12] : Starting..

[May 7, 2023, 19:25:12] : Arabica Conatiner has been filled 

[May 7, 2023, 19:25:12] : Roubsta Conatiner has been filled 

[May 7, 2023, 19:25:12] : Arabica Conatiner has been filled 

[May 7, 2023, 19:25:12] : Roubsta Conatiner has been filled 

[May 7, 2023, 19:25:12] : Arabica Conatiner has been filled 

[May 7, 2023, 19:25:12] : Roubsta Conatiner has been filled 

[May 7, 2023, 19:25:12] : Arabica Conatiner has been filled 

[May 7, 2023, 19:25:12] : Roubsta Conatiner has been filled 

[May 7, 2023, 19:25:12] : Starting..

[May 7, 2023, 19:26:00] : Starting..

[May 7, 2023, 19:26:00] : Arabica Conatiner has been filled 

[May 7, 2023, 19:26:00] : Roubsta Conatiner has been filled 

[May 7, 2023, 19:28:55] : Starting..

[May 7, 2023, 19:28:55] : You Added 1 gm of Robusta Beans

[May 7, 2023, 19:28:55] : You Added 1 gm of Arabica Beans

[May 7, 2023, 19:28:55] : You Added 1 ml of Water

[May 7, 2023, 19:28:55] : Arabica Conatiner has been filled 

[May 7, 2023, 19:28:55] : Roubsta Conatiner has been filled 

[May 7, 2023, 19:28:55] : Water Conatiner has been filled 

[May 7, 2023, 19:28:55] : 4 gm of Robusta Beans has been Used

[May 7, 2023, 19:28:55] : 3 gm of Robusta Beans has been Used

[May 7, 2023, 19:28:55] : 170 ml of Water Beans has been Used

[May 7, 2023, 19:28:55] : You ordered: Americano Double shot

[May 7, 2023, 19:42:36] : Starting..

[May 7, 2023, 19:42:36] : Arabica Conatiner has been filled 

[May 7, 2023, 19:42:36] : Roubsta Conatiner has been filled 

[May 7, 2023, 19:42:36] : Water Conatiner has been filled 

[May 7, 2023, 19:44:22] : Starting..

[May 7, 2023, 19:49:23] : Starting..

[May 7, 2023, 19:49:23] : You Added 1.0 gm of Robusta Beans

[May 7, 2023, 19:49:23] : You Added 1 gm of Arabica Beans

[May 7, 2023, 19:49:23] : You Added 1 ml of Water

[May 7, 2023, 19:49:23] : Arabica Conatiner has been filled 

[May 7, 2023, 19:49:23] : Roubsta Conatiner has been filled 

[May 7, 2023, 19:49:23] : Water Conatiner has been filled 

[May 7, 2023, 19:49:23] : 4.0 gm of Robusta Beans has been Used

[May 7, 2023, 19:49:23] : 3.0 gm of Robusta Beans has been Used

[May 7, 2023, 19:49:23] : 170 ml of Water Beans has been Used

[May 7, 2023, 19:49:23] : You ordered: Americano Double shot

[May 7, 2023, 19:53:49] : Starting..

[May 7, 2023, 19:53:49] : Arabica Conatiner has been filled 

[May 7, 2023, 19:53:49] : Roubsta Conatiner has been filled 

[May 7, 2023, 19:53:49] : Water Conatiner has been filled 

[May 7, 2023, 19:53:49] : 30 ml of Water Beans has been Used

[May 7, 2023, 19:53:49] : 1.0 gm of Robusta Beans has been Used

[May 7, 2023, 19:53:49] : 1.0 gm of Robusta Beans has been Used

[May 7, 2023, 19:53:49] : You ordered: saf

[May 7, 2023, 19:53:49] : 120 ml of Water Beans has been Used

[May 7, 2023, 19:53:49] : Grind level set to  1 (Coarse).

[May 7, 2023, 19:53:49] : 12.0 gm of Robusta Beans has been Used

[May 7, 2023, 19:53:49] : 1.0 gm of Robusta Beans has been Used

[May 7, 2023, 19:53:49] : You ordered: safsfa

[May 7, 2023, 19:53:49] : 120 ml of Water Beans has been Used

[May 7, 2023, 19:53:49] : 1.0 gm of Robusta Beans has been Used

[May 7, 2023, 19:53:49] : 2.0 gm of Robusta Beans has been Used

[May 7, 2023, 19:53:49] : You ordered: asf

[May 7, 2023, 19:53:49] : Starting..

[May 7, 2023, 19:53:49] : Starting..

[May 7, 2023, 19:55:34] : Starting..

[May 7, 2023, 19:55:34] : Arabica Conatiner has been filled 

[May 7, 2023, 19:55:34] : Roubsta Conatiner has been filled 

[May 7, 2023, 19:55:34] : Water Conatiner has been filled 

[May 7, 2023, 19:55:34] : 30 ml of Water Beans has been Used

[May 7, 2023, 19:55:34] : 1.0 gm of Robusta Beans has been Used

[May 7, 2023, 19:55:34] : 1.0 gm of Robusta Beans has been Used

[May 7, 2023, 19:55:34] : You ordered: asf

[May 7, 2023, 19:56:55] : Starting..

[May 7, 2023, 19:56:55] : Arabica Conatiner has been filled 

[May 7, 2023, 19:56:55] : Roubsta Conatiner has been filled 

[May 7, 2023, 19:56:55] : Water Conatiner has been filled 

[May 7, 2023, 19:56:55] : 120 ml of Water Beans has been Used

[May 7, 2023, 19:56:55] : Grind level set to 4 (fine) 

[May 7, 2023, 19:56:55] : 1.0 gm of Robusta Beans has been Used

[May 7, 2023, 19:56:55] : 1.0 gm of Robusta Beans has been Used

[May 7, 2023, 19:56:55] : You ordered: asf

